
RillGrow serial (9 October 2020 version) for Intel x86/GNU C++ (10:47:44 Oct  9 2020 build)

(C) 2020 David Favis-Mortlock (dfm1@bgs.ac.uk)

-------------------------------------------------------------------------------
This program is distributed in the hope that it will be useful, but WITHOUT ANY
WARRANTY; without even the implied warranty of MERCHANTABILITY or FITNESS FOR A
PARTICULAR PURPOSE. See the GNU General Public License for more details. You
should have received a copy of the GNU General Public License along with this
program; if not, contact the Free Software Foundation, Inc., 675 Mass Ave,
Cambridge, MA 02139, USA.
-------------------------------------------------------------------------------

- Started on Backup on Fri Oct  9 16:18:34 2020
- Initializing
  - Reading file locations: /home/davefm/erosion/rg/rg.ini
  - Reading run data: in/leics/x11/x11.dat
  - Reading microtopography: /home/davefm/erosion/rg/in/leics/x11/11dini10.rst
  - Allocating memory
  - Reading rain variation: /home/davefm/erosion/rg/in/leics/intensity/intens10.rst
WARNING: different NODATA values in /home/davefm/erosion/rg/in/leics/intensity/intens10.rst and /home/davefm/erosion/rg/in/leics/x11/11dini10.rst
- Running simulation
ERROR 1: Too large for int: 2463674845364200.000000
ERROR 1: Too large for int: 67794754142.254997
ERROR 1: Too large for int: 12451279525577.000000
ERROR 1: Too large for int: 10659949386292000718848.000000
ERROR 1: Too large for int: 163680946799380000.000000
ERROR 1: Too large for int: 40645402865607000064.000000
ERROR 1: Too large for int: 819558814318590.000000
ERROR 1: Too large for int: 1612887045731.199951
ERROR 1: Too large for int: 15093767436085.000000
ERROR 1: Too large for int: 1717478820882700042240.000000
ERROR 1: Too large for int: 46197185938320000.000000
ERROR 1: Too large for int: 7337269111505999872.000000
ERROR 1: Too large for int: 3646686719048200192.000000
ERROR 1: Too large for int: 110355676393740.000000
ERROR 1: Too large for int: 15309271121207000.000000
ERROR 1: Too large for int: 1383899729758100127744.000000
ERROR 1: Too large for int: 32837635195806000.000000
ERROR 1: Too large for int: 5796733549162699776.000000
ERROR 1: Too large for int: 12184728485386000384.000000
ERROR 1: Too large for int: 1164787156194300.000000
ERROR 1: Too large for int: 70400403497553000.000000
ERROR 1: Too large for int: 7985459163030100115456.000000
ERROR 1: Too large for int: 144491016725240000.000000
ERROR 1: Too large for int: 30670341959237001216.000000
ERROR 1: Too large for int: 14425974086955999232.000000
ERROR 1: Too large for int: 1216125606933300.000000
ERROR 1: Too large for int: 77090329418604992.000000
ERROR 1: Too large for int: 846904865414279987200.000000
ERROR 1: Too large for int: 29694923963132000.000000
ERROR 1: Too large for int: 4393727424973499904.000000
ERROR 1: Too large for int: 24127175185544998912.000000
ERROR 1: Too large for int: 1395362634376100.000000
ERROR 1: Too large for int: 122138314354800000.000000
ERROR 1: Too large for int: 76963562144506003456.000000
ERROR 1: Too large for int: 2344299093101300.000000
ERROR 1: Too large for int: 375105553910390016.000000
ERROR 1: Too large for int: 70073987100489998336.000000
ERROR 1: Too large for int: 5170453415497000.000000
ERROR 1: Too large for int: 346727790466620032.000000
ERROR 1: Too large for int: 24360245262354001920.000000
ERROR 1: Too large for int: 408705160881260.000000
ERROR 1: Too large for int: 93854210850319008.000000
ERROR 1: Too large for int: 140510874610800001024.000000
ERROR 1: Too large for int: 6070450941168500.000000
ERROR 1: Too large for int: 568328369144659968.000000
ERROR 1: Too large for int: 678197944746249984.000000
ERROR 1: Too large for int: 13343248855934.000000
ERROR 1: Too large for int: 2738162897729900.000000
ERROR 1: Too large for int: 70410019844170997760.000000
ERROR 1: Too large for int: 5079593488126500.000000
ERROR 1: Too large for int: 317769262027000000.000000
ERROR 1: Too large for int: 1789639856974499938304.000000
ERROR 1: Too large for int: 28499955013391000.000000
ERROR 1: Too large for int: 6837307744281100288.000000
ERROR 1: Too large for int: 17067677216525000704.000000
ERROR 1: Too large for int: 4015917729371100.000000
ERROR 1: Too large for int: 156625994436470016.000000
ERROR 1: Too large for int: 117811157988200005632.000000
ERROR 1: Too large for int: 1714224565157800.000000
ERROR 1: Too large for int: 449095502108910016.000000
ERROR 1: Too large for int: 33278516016640000000.000000
ERROR 1: Too large for int: 4492792549693800.000000
ERROR 1: Too large for int: 205348100256390016.000000
ERROR 1: Too large for int: 8122406304951000064.000000
ERROR 1: Too large for int: 119040579209850.000000
ERROR 1: Too large for int: 30962938593371000.000000
ERROR 1: Too large for int: 55153799029522997248.000000
ERROR 1: Too large for int: 6399878055631600.000000
ERROR 1: Too large for int: 328400985414089984.000000
ERROR 1: Too large for int: 1279478424372999880704.000000
ERROR 1: Too large for int: 18618771527157000.000000
ERROR 1: Too large for int: 4877365930772799488.000000
ERROR 1: Too large for int: 55425215673862995968.000000
ERROR 1: Too large for int: 9267889397939800.000000
ERROR 1: Too large for int: 432927878799160000.000000
ERROR 1: Too large for int: 13911799577444000.000000
ERROR 1: Too large for int: 204383170095.190002
ERROR 1: Too large for int: 53033212699848.000000
ERROR 1: Too large for int: 45321126027065999360.000000
ERROR 1: Too large for int: 7396557814455100.000000
ERROR 1: Too large for int: 342829187255139968.000000
ERROR 1: Too large for int: 288335753346119991296.000000
ERROR 1: Too large for int: 4189955055484400.000000
ERROR 1: Too large for int: 1099133968119600000.000000
ERROR 1: Too large for int: 46360173311407996928.000000
ERROR 1: Too large for int: 6552881853375300.000000
ERROR 1: Too large for int: 297994935599340032.000000
ERROR 1: Too large for int: 546015971115010.000000
ERROR 1: Too large for int: 7938932477.649900
ERROR 1: Too large for int: 2081409376243.500000
ERROR 1: Too large for int: 74690115145893003264.000000
ERROR 1: Too large for int: 11318777974797000.000000
ERROR 1: Too large for int: 492275356653030016.000000
ERROR 1: Too large for int: 40365816236680003584.000000
ERROR 1: Too large for int: 586576050774340.000000
ERROR 1: Too large for int: 153874222194560000.000000
ERROR 1: Too large for int: 74950743382140993536.000000
ERROR 1: Too large for int: 10081489989470000.000000
ERROR 1: Too large for int: 469656430469150016.000000
ERROR 1: Too large for int: 11257020153856.000000
ERROR 1: Too large for int: 44227169997.976997
ERROR 1: Too large for int: 75096345109937995776.000000
ERROR 1: Too large for int: 11774696409053000.000000
ERROR 1: Too large for int: 552104170886019968.000000
ERROR 1: Too large for int: 113108693549060.000000
ERROR 1: Too large for int: 431255525764.760010
ERROR 1: Too large for int: 74883391697869996032.000000
ERROR 1: Too large for int: 9431187137714100.000000
ERROR 1: Too large for int: 450080291270960000.000000
ERROR 1: Too large for int: 16855326336828999680.000000
ERROR 1: Too large for int: 244933850701600.000000
ERROR 1: Too large for int: 64252391543881000.000000
ERROR 1: Too large for int: 73541983113937002496.000000
ERROR 1: Too large for int: 9702631444801900.000000
ERROR 1: Too large for int: 445730112023800000.000000
ERROR 1: Too large for int: 1357786775552.000000
ERROR 1: Too large for int: 5184267658.233500
ERROR 1: Too large for int: 72223228867583000576.000000
ERROR 1: Too large for int: 9651031288446200.000000
ERROR 1: Too large for int: 461231998466889984.000000
ERROR 1: Too large for int: 133064322160520003584.000000
ERROR 1: Too large for int: 1933628214980300.000000
ERROR 1: Too large for int: 507240308328049984.000000
ERROR 1: Too large for int: 64742332072102002688.000000
ERROR 1: Too large for int: 10593321215827000.000000
ERROR 1: Too large for int: 458315948381760000.000000
ERROR 1: Too large for int: 6029406756642199552.000000
ERROR 1: Too large for int: 96328998914220.000000
ERROR 1: Too large for int: 23096710281880000.000000
ERROR 1: Too large for int: 42282045101568000000.000000
ERROR 1: Too large for int: 1073698312189700.000000
ERROR 1: Too large for int: 165525319000070016.000000
ERROR 1: Too large for int: 5990442813332899840.000000
ERROR 1: Too large for int: 95729557686147.000000
ERROR 1: Too large for int: 22948052422561000.000000
ERROR 1: Too large for int: 42282045101568000000.000000
ERROR 1: Too large for int: 1073698312190400.000000
ERROR 1: Too large for int: 165525319000070016.000000
ERROR 1: Too large for int: 5972462499683900416.000000
ERROR 1: Too large for int: 95452332984838.000000
ERROR 1: Too large for int: 22879437563003000.000000
ERROR 1: Too large for int: 42282045101568000000.000000
ERROR 1: Too large for int: 1073698312190900.000000
ERROR 1: Too large for int: 165525319000070016.000000

  - Writing final output
- Run ended at Fri Oct  9 20:58:57 2020
  - Sending email to d.favismortlock@gmail.com
